[23:49:40] [main/INFO]: Using mbed TLS based native cipher.
[23:49:40] [main/INFO]: Using zlib based native compressor.
[23:49:40] [main/INFO]: Enabled Waterfall version git:Waterfall-Bootstrap:1.19-R0.1-SNAPSHOT:e7490f3:535
[23:49:40] [main/INFO]: Not on Windows, attempting to use enhanced EpollEventLoop
[23:49:40] [main/INFO]: Epoll is working, utilising it!
[23:49:40] [main/INFO]: Discovered module: ModuleSpec(name=cmd_alert, file=modules/cmd_alert.jar, provider=JenkinsModuleSource())
[23:49:40] [main/INFO]: Discovered module: ModuleSpec(name=cmd_find, file=modules/cmd_find.jar, provider=JenkinsModuleSource())
[23:49:40] [main/INFO]: Discovered module: ModuleSpec(name=cmd_list, file=modules/cmd_list.jar, provider=JenkinsModuleSource())
[23:49:40] [main/INFO]: Discovered module: ModuleSpec(name=cmd_send, file=modules/cmd_send.jar, provider=JenkinsModuleSource())
[23:49:40] [main/INFO]: Discovered module: ModuleSpec(name=cmd_server, file=modules/cmd_server.jar, provider=JenkinsModuleSource())
[23:49:40] [main/INFO]: Discovered module: ModuleSpec(name=reconnect_yaml, file=modules/reconnect_yaml.jar, provider=JenkinsModuleSource())
[23:49:40] [main/INFO]: Loaded plugin reconnect_yaml version git:reconnect_yaml:1.19-R0.1-SNAPSHOT:e7490f3:535 by WaterfallMC
[23:49:40] [main/INFO]: Loaded plugin cmd_find version git:cmd_find:1.19-R0.1-SNAPSHOT:e7490f3:535 by WaterfallMC
[23:49:40] [main/INFO]: Loaded plugin cmd_server version git:cmd_server:1.19-R0.1-SNAPSHOT:e7490f3:535 by WaterfallMC
[23:49:40] [main/INFO]: Loaded plugin cmd_alert version git:cmd_alert:1.19-R0.1-SNAPSHOT:e7490f3:535 by WaterfallMC
[23:49:40] [main/INFO]: Loaded plugin cmd_send version git:cmd_send:1.19-R0.1-SNAPSHOT:e7490f3:535 by WaterfallMC
[23:49:40] [main/INFO]: Loaded plugin cmd_list version git:cmd_list:1.19-R0.1-SNAPSHOT:e7490f3:535 by WaterfallMC
[23:49:40] [main/WARN]: :>:>:>:>:>:>:>:>:>:>:>:>:>:>:>:>:>:>:>:>:>:>:>
[23:49:40] [main/WARN]: :>  
[23:49:40] [main/WARN]: :>      EAGLERCRAFTXBUNGEE WARNING:
[23:49:40] [main/WARN]: :>  
[23:49:40] [main/WARN]: :>  This plugin wasn't tested to be 'working'
[23:49:40] [main/WARN]: :>  with ANY version of BungeeCord (and forks)
[23:49:40] [main/WARN]: :>  apart from the versions listed below:
[23:49:40] [main/WARN]: :>  
[23:49:40] [main/WARN]: :>  - BungeeCord: 1.20-R0.3-SNAPSHOT:18eae8a:1842
[23:49:40] [main/WARN]: :>  - Waterfall: 1.20-R0.3-SNAPSHOT:37a9ace:577
[23:49:40] [main/WARN]: :>  
[23:49:40] [main/WARN]: :>  This is not a Bukkit/Spigot plugin!
[23:49:40] [main/WARN]: :>  
[23:49:40] [main/WARN]: :>  Use "-Deaglerxbungee.stfu=true" to hide
[23:49:40] [main/WARN]: :>  
[23:49:40] [main/WARN]: :>:>:>:>:>:>:>:>:>:>:>:>:>:>:>:>:>:>:>:>:>:>:>
[23:49:40] [main/INFO]: Loaded plugin EaglercraftXBungee version 1.2.1 by lax1dude
[23:49:40] [main/WARN]: Forced host server pvp is not defined
[23:49:41] [main/INFO]: Enabled plugin reconnect_yaml version git:reconnect_yaml:1.19-R0.1-SNAPSHOT:e7490f3:535 by WaterfallMC
[23:49:41] [main/INFO]: Enabled plugin cmd_find version git:cmd_find:1.19-R0.1-SNAPSHOT:e7490f3:535 by WaterfallMC
[23:49:41] [main/INFO]: Enabled plugin cmd_server version git:cmd_server:1.19-R0.1-SNAPSHOT:e7490f3:535 by WaterfallMC
[23:49:41] [main/INFO]: Enabled plugin cmd_alert version git:cmd_alert:1.19-R0.1-SNAPSHOT:e7490f3:535 by WaterfallMC
[23:49:41] [main/INFO]: Enabled plugin cmd_send version git:cmd_send:1.19-R0.1-SNAPSHOT:e7490f3:535 by WaterfallMC
[23:49:41] [main/INFO]: Enabled plugin cmd_list version git:cmd_list:1.19-R0.1-SNAPSHOT:e7490f3:535 by WaterfallMC
[23:49:41] [Netty Boss IO Thread #0/INFO] [EaglercraftXBungee]: Eaglercraft is listening on: /0.0.0.0:8081
[23:49:41] [main/INFO] [EaglercraftXBungee]: Downloading from maven: https://repo1.maven.org/maven2/org/xerial/sqlite-jdbc/3.45.0.0/sqlite-jdbc-3.45.0.0.jar
[23:49:41] [EaglerXBungee: Network Tick Tasks/INFO] [EaglercraftXBungee]: Downloading new certificate: https://eaglercraft.com/backup.cert
[23:49:42] [main/INFO] [EaglercraftXBungee]: Connected to database: jdbc:sqlite:eaglercraft_skins_cache.db
[23:49:42] [main/INFO] [EaglercraftXBungee]: Connected to database: jdbc:sqlite:eaglercraft_auths.db
[23:49:42] [EaglerXBungee: Network Tick Tasks/INFO] [EaglercraftXBungee]: Loaded certificate: /workspaces/deadpixel/plugins/EaglercraftXBungee/eagcert/$dl.6a314f63448f669bee13950455200751edda2564.cert
[23:49:42] [main/INFO] [EaglercraftXBungee]: Voice chat disabled, add "allow_voice: true" to your listeners to enable
[23:49:42] [main/INFO]: Enabled plugin EaglercraftXBungee version 1.2.1 by lax1dude
[23:49:42] [Netty Boss IO Thread #1/INFO]: Listening on /0.0.0.0:25577
